#-----------------------------------------------------------
# Vivado v2019.2 (64-bit)
# SW Build 2708876 on Wed Nov  6 21:40:23 MST 2019
# IP Build 2700528 on Thu Nov  7 00:09:20 MST 2019
# Start of session at: Wed Nov 20 16:19:34 2024
# Process ID: 22116
# Current directory: F:/qbit/qubit_1.0/RISCQv1.1/project_1
# Command line: vivado.exe -gui_launcher_event rodinguilauncherevent17568 F:\qbit\qubit_1.0\RISCQv1.1\project_1\project_1.xpr
# Log file: F:/qbit/qubit_1.0/RISCQv1.1/project_1/vivado.log
# Journal file: F:/qbit/qubit_1.0/RISCQv1.1/project_1\vivado.jou
#-----------------------------------------------------------
start_gui
open_project F:/qbit/qubit_1.0/RISCQv1.1/project_1/project_1.xpr
Scanning sources...
Finished scanning sources
INFO: [IP_Flow 19-234] Refreshing IP repositories
INFO: [IP_Flow 19-1704] No user IP repositories specified
INFO: [IP_Flow 19-2313] Loaded Vivado IP repository 'C:/Xilinx/Vivado/2019.2/data/ip'.
update_compile_order -fileset sources_1
INFO: [Device 21-403] Loading part xcku060-ffva1156-2-i
exit
INFO: [Common 17-206] Exiting Vivado at Thu Nov 21 15:29:11 2024...
