#-----------------------------------------------------------
# Vivado v2019.2 (64-bit)
# SW Build 2708876 on Wed Nov  6 21:40:23 MST 2019
# IP Build 2700528 on Thu Nov  7 00:09:20 MST 2019
# Start of session at: Mon Nov 18 14:55:12 2024
# Process ID: 9500
# Current directory: F:/qbit/qubit_1.0/RISCQv1.1/project_1
# Command line: vivado.exe -gui_launcher_event rodinguilauncherevent1672 F:\qbit\qubit_1.0\RISCQv1.1\project_1\project_1.xpr
# Log file: F:/qbit/qubit_1.0/RISCQv1.1/project_1/vivado.log
# Journal file: F:/qbit/qubit_1.0/RISCQv1.1/project_1\vivado.jou
#-----------------------------------------------------------
start_gui
open_project F:/qbit/qubit_1.0/RISCQv1.1/project_1/project_1.xpr
INFO: [Project 1-313] Project file moved from 'F:/qbit/qubit_1.0/RISCQ/project_1' since last save.
Scanning sources...
Finished scanning sources
INFO: [IP_Flow 19-234] Refreshing IP repositories
INFO: [IP_Flow 19-1704] No user IP repositories specified
INFO: [IP_Flow 19-2313] Loaded Vivado IP repository 'C:/Xilinx/Vivado/2019.2/data/ip'.
open_project: Time (s): cpu = 00:00:06 ; elapsed = 00:00:05 . Memory (MB): peak = 952.273 ; gain = 224.281
update_compile_order -fileset sources_1
launch_simulation
Command: launch_simulation 
INFO: [Vivado 12-5698] Checking validity of IPs in the design for the 'XSim' simulator...
INFO: [Vivado 12-5682] Launching behavioral simulation in 'F:/qbit/qubit_1.0/RISCQv1.1/project_1/project_1.sim/sim_1/behav/xsim'
INFO: [Vivado 12-4795] Using compiled simulation libraries for IPs
INFO: [SIM-utils-51] Simulation object is 'sim_1'
INFO: [USF-XSim-7] Finding pre-compiled libraries...
INFO: [USF-XSim-11] File 'C:/Xilinx/Vivado/2019.2/data/xsim/xsim.ini' copied to run dir:'F:/qbit/qubit_1.0/RISCQv1.1/project_1/project_1.sim/sim_1/behav/xsim'
INFO: [SIM-utils-54] Inspecting design source files for 'riscq_soc_tb' in fileset 'sim_1'...
INFO: [USF-XSim-97] Finding global include files...
INFO: [USF-XSim-98] Fetching design files from 'sim_1'...
INFO: [USF-XSim-2] XSim::Compile design
INFO: [USF-XSim-61] Executing 'COMPILE and ANALYZE' step in 'F:/qbit/qubit_1.0/RISCQv1.1/project_1/project_1.sim/sim_1/behav/xsim'
"xvlog --incr --relax -prj riscq_soc_tb_vlog.prj"
INFO: [VRFC 10-2263] Analyzing Verilog file "F:/qbit/qubit_1.0/RISCQv1.1/ip_repos/riscq_ram/sim/riscq_ram.v" into library xil_defaultlib
INFO: [VRFC 10-311] analyzing module riscq_ram
INFO: [VRFC 10-2263] Analyzing Verilog file "F:/qbit/qubit_1.0/RISCQv1.1/ip_repos/riscq_rom/sim/riscq_rom.v" into library xil_defaultlib
INFO: [VRFC 10-311] analyzing module riscq_rom
INFO: [VRFC 10-2263] Analyzing Verilog file "F:/qbit/qubit_1.0/RISCQv1.1/src/hdl/data_ram.v" into library xil_defaultlib
INFO: [VRFC 10-311] analyzing module data_ram
INFO: [VRFC 10-2263] Analyzing Verilog file "F:/qbit/qubit_1.0/RISCQv1.1/src/hdl/inst_rom.v" into library xil_defaultlib
INFO: [VRFC 10-311] analyzing module inst_rom
INFO: [VRFC 10-2263] Analyzing Verilog file "F:/qbit/qubit_1.0/RISCQv1.1/src/hdl/riscq.v" into library xil_defaultlib
INFO: [VRFC 10-311] analyzing module riscq
INFO: [VRFC 10-2263] Analyzing Verilog file "F:/qbit/qubit_1.0/RISCQv1.1/src/hdl/riscq_soc.v" into library xil_defaultlib
INFO: [VRFC 10-311] analyzing module riscq_soc
INFO: [VRFC 10-2458] undeclared symbol o_ureg_raddr, assumed default net type wire [F:/qbit/qubit_1.0/RISCQv1.1/src/hdl/riscq_soc.v:122]
INFO: [VRFC 10-2263] Analyzing Verilog file "F:/qbit/qubit_1.0/RISCQv1.1/src/hdl/user_regs.v" into library xil_defaultlib
INFO: [VRFC 10-311] analyzing module user_regs
INFO: [VRFC 10-2263] Analyzing Verilog file "F:/qbit/qubit_1.0/RISCQv1.1/src/sim/riscq_soc_tb.v" into library xil_defaultlib
INFO: [VRFC 10-311] analyzing module riscq_soc_tb
INFO: [VRFC 10-2263] Analyzing Verilog file "F:/qbit/qubit_1.0/RISCQv1.1/project_1/project_1.sim/sim_1/behav/xsim/glbl.v" into library xil_defaultlib
INFO: [VRFC 10-311] analyzing module glbl
INFO: [USF-XSim-69] 'compile' step finished in '1' seconds
INFO: [USF-XSim-3] XSim::Elaborate design
INFO: [USF-XSim-61] Executing 'ELABORATE' step in 'F:/qbit/qubit_1.0/RISCQv1.1/project_1/project_1.sim/sim_1/behav/xsim'
"xelab -wto b2a814ebb4794e98af5c74d585965e10 --incr --debug typical --relax --mt 2 -L blk_mem_gen_v8_4_4 -L xil_defaultlib -L unisims_ver -L unimacro_ver -L secureip -L xpm --snapshot riscq_soc_tb_behav xil_defaultlib.riscq_soc_tb xil_defaultlib.glbl -log elaborate.log"
Vivado Simulator 2019.2
Copyright 1986-1999, 2001-2019 Xilinx, Inc. All Rights Reserved.
Running: C:/Xilinx/Vivado/2019.2/bin/unwrapped/win64.o/xelab.exe -wto b2a814ebb4794e98af5c74d585965e10 --incr --debug typical --relax --mt 2 -L blk_mem_gen_v8_4_4 -L xil_defaultlib -L unisims_ver -L unimacro_ver -L secureip -L xpm --snapshot riscq_soc_tb_behav xil_defaultlib.riscq_soc_tb xil_defaultlib.glbl -log elaborate.log 
Using 2 slave threads.
Starting static elaboration
Pass Through NonSizing Optimizer
ERROR: [VRFC 10-3180] cannot find port 'o_ureg_raddr' on this module [F:/qbit/qubit_1.0/RISCQv1.1/src/sim/riscq_soc_tb.v:128]
ERROR: [XSIM 43-3322] Static elaboration of top level Verilog design unit(s) in library work failed.
INFO: [USF-XSim-69] 'elaborate' step finished in '1' seconds
INFO: [USF-XSim-99] Step results log file:'F:/qbit/qubit_1.0/RISCQv1.1/project_1/project_1.sim/sim_1/behav/xsim/elaborate.log'
ERROR: [USF-XSim-62] 'elaborate' step failed with error(s). Please check the Tcl console output or 'F:/qbit/qubit_1.0/RISCQv1.1/project_1/project_1.sim/sim_1/behav/xsim/elaborate.log' file for more information.
ERROR: [Vivado 12-4473] Detected error while running simulation. Please correct the issue and retry this operation.
ERROR: [Common 17-39] 'launch_simulation' failed due to earlier errors.
launch_simulation
Command: launch_simulation 
INFO: [Vivado 12-5698] Checking validity of IPs in the design for the 'XSim' simulator...
INFO: [Vivado 12-5682] Launching behavioral simulation in 'F:/qbit/qubit_1.0/RISCQv1.1/project_1/project_1.sim/sim_1/behav/xsim'
INFO: [Vivado 12-4795] Using compiled simulation libraries for IPs
INFO: [SIM-utils-51] Simulation object is 'sim_1'
INFO: [USF-XSim-7] Finding pre-compiled libraries...
INFO: [USF-XSim-11] File 'C:/Xilinx/Vivado/2019.2/data/xsim/xsim.ini' copied to run dir:'F:/qbit/qubit_1.0/RISCQv1.1/project_1/project_1.sim/sim_1/behav/xsim'
INFO: [SIM-utils-54] Inspecting design source files for 'riscq_soc_tb' in fileset 'sim_1'...
INFO: [USF-XSim-97] Finding global include files...
INFO: [USF-XSim-98] Fetching design files from 'sim_1'...
INFO: [USF-XSim-2] XSim::Compile design
INFO: [USF-XSim-61] Executing 'COMPILE and ANALYZE' step in 'F:/qbit/qubit_1.0/RISCQv1.1/project_1/project_1.sim/sim_1/behav/xsim'
"xvlog --incr --relax -prj riscq_soc_tb_vlog.prj"
INFO: [VRFC 10-2263] Analyzing Verilog file "F:/qbit/qubit_1.0/RISCQv1.1/ip_repos/riscq_ram/sim/riscq_ram.v" into library xil_defaultlib
INFO: [VRFC 10-311] analyzing module riscq_ram
INFO: [VRFC 10-2263] Analyzing Verilog file "F:/qbit/qubit_1.0/RISCQv1.1/ip_repos/riscq_rom/sim/riscq_rom.v" into library xil_defaultlib
INFO: [VRFC 10-311] analyzing module riscq_rom
INFO: [VRFC 10-2263] Analyzing Verilog file "F:/qbit/qubit_1.0/RISCQv1.1/src/hdl/data_ram.v" into library xil_defaultlib
INFO: [VRFC 10-311] analyzing module data_ram
INFO: [VRFC 10-2263] Analyzing Verilog file "F:/qbit/qubit_1.0/RISCQv1.1/src/hdl/inst_rom.v" into library xil_defaultlib
INFO: [VRFC 10-311] analyzing module inst_rom
INFO: [VRFC 10-2263] Analyzing Verilog file "F:/qbit/qubit_1.0/RISCQv1.1/src/hdl/riscq.v" into library xil_defaultlib
INFO: [VRFC 10-311] analyzing module riscq
INFO: [VRFC 10-2263] Analyzing Verilog file "F:/qbit/qubit_1.0/RISCQv1.1/src/hdl/riscq_soc.v" into library xil_defaultlib
INFO: [VRFC 10-311] analyzing module riscq_soc
INFO: [VRFC 10-2263] Analyzing Verilog file "F:/qbit/qubit_1.0/RISCQv1.1/src/hdl/user_regs.v" into library xil_defaultlib
INFO: [VRFC 10-311] analyzing module user_regs
INFO: [VRFC 10-2263] Analyzing Verilog file "F:/qbit/qubit_1.0/RISCQv1.1/src/sim/riscq_soc_tb.v" into library xil_defaultlib
INFO: [VRFC 10-311] analyzing module riscq_soc_tb
INFO: [USF-XSim-69] 'compile' step finished in '2' seconds
INFO: [USF-XSim-3] XSim::Elaborate design
INFO: [USF-XSim-61] Executing 'ELABORATE' step in 'F:/qbit/qubit_1.0/RISCQv1.1/project_1/project_1.sim/sim_1/behav/xsim'
"xelab -wto b2a814ebb4794e98af5c74d585965e10 --incr --debug typical --relax --mt 2 -L blk_mem_gen_v8_4_4 -L xil_defaultlib -L unisims_ver -L unimacro_ver -L secureip -L xpm --snapshot riscq_soc_tb_behav xil_defaultlib.riscq_soc_tb xil_defaultlib.glbl -log elaborate.log"
Vivado Simulator 2019.2
Copyright 1986-1999, 2001-2019 Xilinx, Inc. All Rights Reserved.
Running: C:/Xilinx/Vivado/2019.2/bin/unwrapped/win64.o/xelab.exe -wto b2a814ebb4794e98af5c74d585965e10 --incr --debug typical --relax --mt 2 -L blk_mem_gen_v8_4_4 -L xil_defaultlib -L unisims_ver -L unimacro_ver -L secureip -L xpm --snapshot riscq_soc_tb_behav xil_defaultlib.riscq_soc_tb xil_defaultlib.glbl -log elaborate.log 
Using 2 slave threads.
Starting static elaboration
Pass Through NonSizing Optimizer
WARNING: [VRFC 10-3091] actual bit length 31 differs from formal bit length 32 for port 'i_jmp_offset' [F:/qbit/qubit_1.0/RISCQv1.1/src/sim/riscq_soc_tb.v:130]
WARNING: [VRFC 10-3091] actual bit length 8 differs from formal bit length 6 for port 'i_waddr_cpu' [F:/qbit/qubit_1.0/RISCQv1.1/src/sim/riscq_soc_tb.v:138]
Completed static elaboration
Starting simulation data flow analysis
Completed simulation data flow analysis
Time Resolution for simulation is 1ps
Compiling module xil_defaultlib.riscq
Compiling module blk_mem_gen_v8_4_4.blk_mem_gen_v8_4_4_output_stage(...
Compiling module blk_mem_gen_v8_4_4.blk_mem_gen_v8_4_4_softecc_outpu...
Compiling module blk_mem_gen_v8_4_4.blk_mem_gen_v8_4_4_mem_module(C_...
Compiling module blk_mem_gen_v8_4_4.blk_mem_gen_v8_4_4(C_FAMILY="kin...
Compiling module xil_defaultlib.riscq_rom
Compiling module xil_defaultlib.inst_rom
Compiling module blk_mem_gen_v8_4_4.blk_mem_gen_v8_4_4_mem_module(C_...
Compiling module blk_mem_gen_v8_4_4.blk_mem_gen_v8_4_4(C_FAMILY="kin...
Compiling module xil_defaultlib.riscq_ram
Compiling module xil_defaultlib.data_ram
Compiling module xil_defaultlib.riscq_soc
Compiling module xil_defaultlib.user_regs
Compiling module xil_defaultlib.riscq_soc_tb
Compiling module xil_defaultlib.glbl
Built simulation snapshot riscq_soc_tb_behav

****** Webtalk v2019.2 (64-bit)
  **** SW Build 2708876 on Wed Nov  6 21:40:23 MST 2019
  **** IP Build 2700528 on Thu Nov  7 00:09:20 MST 2019
    ** Copyright 1986-2019 Xilinx, Inc. All Rights Reserved.

source F:/qbit/qubit_1.0/RISCQv1.1/project_1/project_1.sim/sim_1/behav/xsim/xsim.dir/riscq_soc_tb_behav/webtalk/xsim_webtalk.tcl -notrace
INFO: [Common 17-206] Exiting Webtalk at Mon Nov 18 14:57:03 2024...
INFO: [USF-XSim-69] 'elaborate' step finished in '4' seconds
INFO: [USF-XSim-4] XSim::Simulate design
INFO: [USF-XSim-61] Executing 'SIMULATE' step in 'F:/qbit/qubit_1.0/RISCQv1.1/project_1/project_1.sim/sim_1/behav/xsim'
INFO: [USF-XSim-98] *** Running xsim
   with args "riscq_soc_tb_behav -key {Behavioral:sim_1:Functional:riscq_soc_tb} -tclbatch {riscq_soc_tb.tcl} -log {simulate.log}"
INFO: [USF-XSim-8] Loading simulator feature
Vivado Simulator 2019.2
Time resolution is 1 ps
source riscq_soc_tb.tcl
# set curr_wave [current_wave_config]
# if { [string length $curr_wave] == 0 } {
#   if { [llength [get_objects]] > 0} {
#     add_wave /
#     set_property needs_save false [current_wave_config]
#   } else {
#      send_msg_id Add_Wave-1 WARNING "No top level signals found. Simulator will start without a wave window. If you want to open a wave window go to 'File->New Waveform Configuration' or type 'create_wave_config' in the TCL console."
#   }
# }
# run 1000ns
Block Memory Generator module riscq_soc_tb.u_riscq_soc.u_inst_rom.u_riscq_rom.inst.native_mem_module.blk_mem_gen_v8_4_4_inst is using a behavioral model for simulation which will not precisely model memory collision behavior.
Block Memory Generator module riscq_soc_tb.u_riscq_soc.u_data_ram.u_riscq_ram.inst.native_mem_module.blk_mem_gen_v8_4_4_inst is using a behavioral model for simulation which will not precisely model memory collision behavior.
blk_mem_gen_v8_4_4 collision detected at time: 125000, Instance: riscq_soc_tb.u_riscq_soc.u_inst_rom.u_riscq_rom.inst.native_mem_module.blk_mem_gen_v8_4_4_inst, A write address: 0, B  read address: 0
INFO: [USF-XSim-96] XSim completed. Design snapshot 'riscq_soc_tb_behav' loaded.
INFO: [USF-XSim-97] XSim simulation ran for 1000ns
launch_simulation: Time (s): cpu = 00:00:03 ; elapsed = 00:00:08 . Memory (MB): peak = 1113.648 ; gain = 78.621
run 50 us
current_wave_config {Untitled 1}
Untitled 1
add_wave {{/riscq_soc_tb/u_riscq_soc}} 
relaunch_sim
Command: launch_simulation -simset sim_1 -mode behavioral
INFO: [Vivado 12-5698] Checking validity of IPs in the design for the 'XSim' simulator...
INFO: [Vivado 12-5682] Launching behavioral simulation in 'F:/qbit/qubit_1.0/RISCQv1.1/project_1/project_1.sim/sim_1/behav/xsim'
INFO: [Vivado 12-4795] Using compiled simulation libraries for IPs
INFO: [SIM-utils-51] Simulation object is 'sim_1'
INFO: [USF-XSim-7] Finding pre-compiled libraries...
INFO: [USF-XSim-11] File 'C:/Xilinx/Vivado/2019.2/data/xsim/xsim.ini' copied to run dir:'F:/qbit/qubit_1.0/RISCQv1.1/project_1/project_1.sim/sim_1/behav/xsim'
INFO: [SIM-utils-54] Inspecting design source files for 'riscq_soc_tb' in fileset 'sim_1'...
INFO: [USF-XSim-97] Finding global include files...
INFO: [USF-XSim-98] Fetching design files from 'sim_1'...
INFO: [USF-XSim-2] XSim::Compile design
INFO: [USF-XSim-61] Executing 'COMPILE and ANALYZE' step in 'F:/qbit/qubit_1.0/RISCQv1.1/project_1/project_1.sim/sim_1/behav/xsim'
"xvlog --incr --relax -prj riscq_soc_tb_vlog.prj"
INFO: [USF-XSim-69] 'compile' step finished in '1' seconds
Command: launch_simulation -simset sim_1 -mode behavioral
INFO: [Vivado 12-5698] Checking validity of IPs in the design for the 'XSim' simulator...
INFO: [Vivado 12-5682] Launching behavioral simulation in 'F:/qbit/qubit_1.0/RISCQv1.1/project_1/project_1.sim/sim_1/behav/xsim'
INFO: [Vivado 12-4795] Using compiled simulation libraries for IPs
INFO: [USF-XSim-3] XSim::Elaborate design
INFO: [USF-XSim-61] Executing 'ELABORATE' step in 'F:/qbit/qubit_1.0/RISCQv1.1/project_1/project_1.sim/sim_1/behav/xsim'
"xelab -wto b2a814ebb4794e98af5c74d585965e10 --incr --debug typical --relax --mt 2 -L blk_mem_gen_v8_4_4 -L xil_defaultlib -L unisims_ver -L unimacro_ver -L secureip -L xpm --snapshot riscq_soc_tb_behav xil_defaultlib.riscq_soc_tb xil_defaultlib.glbl -log elaborate.log"
Vivado Simulator 2019.2
Copyright 1986-1999, 2001-2019 Xilinx, Inc. All Rights Reserved.
Running: C:/Xilinx/Vivado/2019.2/bin/unwrapped/win64.o/xelab.exe -wto b2a814ebb4794e98af5c74d585965e10 --incr --debug typical --relax --mt 2 -L blk_mem_gen_v8_4_4 -L xil_defaultlib -L unisims_ver -L unimacro_ver -L secureip -L xpm --snapshot riscq_soc_tb_behav xil_defaultlib.riscq_soc_tb xil_defaultlib.glbl -log elaborate.log 
Using 2 slave threads.
Starting static elaboration
Pass Through NonSizing Optimizer
WARNING: [VRFC 10-3091] actual bit length 31 differs from formal bit length 32 for port 'i_jmp_offset' [F:/qbit/qubit_1.0/RISCQv1.1/src/sim/riscq_soc_tb.v:130]
WARNING: [VRFC 10-3091] actual bit length 8 differs from formal bit length 6 for port 'i_waddr_cpu' [F:/qbit/qubit_1.0/RISCQv1.1/src/sim/riscq_soc_tb.v:138]
Completed static elaboration
INFO: [XSIM 43-4323] No Change in HDL. Linking previously generated obj files to create kernel
INFO: [USF-XSim-69] 'elaborate' step finished in '1' seconds
Vivado Simulator 2019.2
Time resolution is 1 ps
Block Memory Generator module riscq_soc_tb.u_riscq_soc.u_inst_rom.u_riscq_rom.inst.native_mem_module.blk_mem_gen_v8_4_4_inst is using a behavioral model for simulation which will not precisely model memory collision behavior.
Block Memory Generator module riscq_soc_tb.u_riscq_soc.u_data_ram.u_riscq_ram.inst.native_mem_module.blk_mem_gen_v8_4_4_inst is using a behavioral model for simulation which will not precisely model memory collision behavior.
blk_mem_gen_v8_4_4 collision detected at time: 125000, Instance: riscq_soc_tb.u_riscq_soc.u_inst_rom.u_riscq_rom.inst.native_mem_module.blk_mem_gen_v8_4_4_inst, A write address: 0, B  read address: 0
relaunch_sim: Time (s): cpu = 00:00:02 ; elapsed = 00:00:07 . Memory (MB): peak = 1116.223 ; gain = 0.000
run 50 us
current_wave_config {Untitled 1}
Untitled 1
add_wave {{/riscq_soc_tb/u_riscq_soc/u_riscq}} 
relaunch_sim
Command: launch_simulation -simset sim_1 -mode behavioral
INFO: [Vivado 12-5698] Checking validity of IPs in the design for the 'XSim' simulator...
INFO: [Vivado 12-5682] Launching behavioral simulation in 'F:/qbit/qubit_1.0/RISCQv1.1/project_1/project_1.sim/sim_1/behav/xsim'
INFO: [Vivado 12-4795] Using compiled simulation libraries for IPs
INFO: [SIM-utils-51] Simulation object is 'sim_1'
INFO: [USF-XSim-7] Finding pre-compiled libraries...
INFO: [USF-XSim-11] File 'C:/Xilinx/Vivado/2019.2/data/xsim/xsim.ini' copied to run dir:'F:/qbit/qubit_1.0/RISCQv1.1/project_1/project_1.sim/sim_1/behav/xsim'
INFO: [SIM-utils-54] Inspecting design source files for 'riscq_soc_tb' in fileset 'sim_1'...
INFO: [USF-XSim-97] Finding global include files...
INFO: [USF-XSim-98] Fetching design files from 'sim_1'...
INFO: [USF-XSim-2] XSim::Compile design
INFO: [USF-XSim-61] Executing 'COMPILE and ANALYZE' step in 'F:/qbit/qubit_1.0/RISCQv1.1/project_1/project_1.sim/sim_1/behav/xsim'
"xvlog --incr --relax -prj riscq_soc_tb_vlog.prj"
INFO: [USF-XSim-69] 'compile' step finished in '1' seconds
Command: launch_simulation -simset sim_1 -mode behavioral
INFO: [Vivado 12-5698] Checking validity of IPs in the design for the 'XSim' simulator...
INFO: [Vivado 12-5682] Launching behavioral simulation in 'F:/qbit/qubit_1.0/RISCQv1.1/project_1/project_1.sim/sim_1/behav/xsim'
INFO: [Vivado 12-4795] Using compiled simulation libraries for IPs
INFO: [USF-XSim-3] XSim::Elaborate design
INFO: [USF-XSim-61] Executing 'ELABORATE' step in 'F:/qbit/qubit_1.0/RISCQv1.1/project_1/project_1.sim/sim_1/behav/xsim'
"xelab -wto b2a814ebb4794e98af5c74d585965e10 --incr --debug typical --relax --mt 2 -L blk_mem_gen_v8_4_4 -L xil_defaultlib -L unisims_ver -L unimacro_ver -L secureip -L xpm --snapshot riscq_soc_tb_behav xil_defaultlib.riscq_soc_tb xil_defaultlib.glbl -log elaborate.log"
Vivado Simulator 2019.2
Copyright 1986-1999, 2001-2019 Xilinx, Inc. All Rights Reserved.
Running: C:/Xilinx/Vivado/2019.2/bin/unwrapped/win64.o/xelab.exe -wto b2a814ebb4794e98af5c74d585965e10 --incr --debug typical --relax --mt 2 -L blk_mem_gen_v8_4_4 -L xil_defaultlib -L unisims_ver -L unimacro_ver -L secureip -L xpm --snapshot riscq_soc_tb_behav xil_defaultlib.riscq_soc_tb xil_defaultlib.glbl -log elaborate.log 
Using 2 slave threads.
Starting static elaboration
Pass Through NonSizing Optimizer
WARNING: [VRFC 10-3091] actual bit length 31 differs from formal bit length 32 for port 'i_jmp_offset' [F:/qbit/qubit_1.0/RISCQv1.1/src/sim/riscq_soc_tb.v:130]
WARNING: [VRFC 10-3091] actual bit length 8 differs from formal bit length 6 for port 'i_waddr_cpu' [F:/qbit/qubit_1.0/RISCQv1.1/src/sim/riscq_soc_tb.v:138]
Completed static elaboration
INFO: [XSIM 43-4323] No Change in HDL. Linking previously generated obj files to create kernel
INFO: [USF-XSim-69] 'elaborate' step finished in '1' seconds
Vivado Simulator 2019.2
Time resolution is 1 ps
Block Memory Generator module riscq_soc_tb.u_riscq_soc.u_inst_rom.u_riscq_rom.inst.native_mem_module.blk_mem_gen_v8_4_4_inst is using a behavioral model for simulation which will not precisely model memory collision behavior.
Block Memory Generator module riscq_soc_tb.u_riscq_soc.u_data_ram.u_riscq_ram.inst.native_mem_module.blk_mem_gen_v8_4_4_inst is using a behavioral model for simulation which will not precisely model memory collision behavior.
blk_mem_gen_v8_4_4 collision detected at time: 125000, Instance: riscq_soc_tb.u_riscq_soc.u_inst_rom.u_riscq_rom.inst.native_mem_module.blk_mem_gen_v8_4_4_inst, A write address: 0, B  read address: 0
relaunch_sim: Time (s): cpu = 00:00:02 ; elapsed = 00:00:06 . Memory (MB): peak = 1116.223 ; gain = 0.000
run 50 us
current_wave_config {Untitled 1}
Untitled 1
add_wave {{/riscq_soc_tb/u_riscq_soc}} 
relaunch_sim
Command: launch_simulation -simset sim_1 -mode behavioral
INFO: [Vivado 12-5698] Checking validity of IPs in the design for the 'XSim' simulator...
INFO: [Vivado 12-5682] Launching behavioral simulation in 'F:/qbit/qubit_1.0/RISCQv1.1/project_1/project_1.sim/sim_1/behav/xsim'
INFO: [Vivado 12-4795] Using compiled simulation libraries for IPs
INFO: [SIM-utils-51] Simulation object is 'sim_1'
INFO: [USF-XSim-7] Finding pre-compiled libraries...
INFO: [USF-XSim-11] File 'C:/Xilinx/Vivado/2019.2/data/xsim/xsim.ini' copied to run dir:'F:/qbit/qubit_1.0/RISCQv1.1/project_1/project_1.sim/sim_1/behav/xsim'
INFO: [SIM-utils-54] Inspecting design source files for 'riscq_soc_tb' in fileset 'sim_1'...
INFO: [USF-XSim-97] Finding global include files...
INFO: [USF-XSim-98] Fetching design files from 'sim_1'...
INFO: [USF-XSim-2] XSim::Compile design
INFO: [USF-XSim-61] Executing 'COMPILE and ANALYZE' step in 'F:/qbit/qubit_1.0/RISCQv1.1/project_1/project_1.sim/sim_1/behav/xsim'
"xvlog --incr --relax -prj riscq_soc_tb_vlog.prj"
INFO: [USF-XSim-69] 'compile' step finished in '1' seconds
Command: launch_simulation -simset sim_1 -mode behavioral
INFO: [Vivado 12-5698] Checking validity of IPs in the design for the 'XSim' simulator...
INFO: [Vivado 12-5682] Launching behavioral simulation in 'F:/qbit/qubit_1.0/RISCQv1.1/project_1/project_1.sim/sim_1/behav/xsim'
INFO: [Vivado 12-4795] Using compiled simulation libraries for IPs
INFO: [USF-XSim-3] XSim::Elaborate design
INFO: [USF-XSim-61] Executing 'ELABORATE' step in 'F:/qbit/qubit_1.0/RISCQv1.1/project_1/project_1.sim/sim_1/behav/xsim'
"xelab -wto b2a814ebb4794e98af5c74d585965e10 --incr --debug typical --relax --mt 2 -L blk_mem_gen_v8_4_4 -L xil_defaultlib -L unisims_ver -L unimacro_ver -L secureip -L xpm --snapshot riscq_soc_tb_behav xil_defaultlib.riscq_soc_tb xil_defaultlib.glbl -log elaborate.log"
Vivado Simulator 2019.2
Copyright 1986-1999, 2001-2019 Xilinx, Inc. All Rights Reserved.
Running: C:/Xilinx/Vivado/2019.2/bin/unwrapped/win64.o/xelab.exe -wto b2a814ebb4794e98af5c74d585965e10 --incr --debug typical --relax --mt 2 -L blk_mem_gen_v8_4_4 -L xil_defaultlib -L unisims_ver -L unimacro_ver -L secureip -L xpm --snapshot riscq_soc_tb_behav xil_defaultlib.riscq_soc_tb xil_defaultlib.glbl -log elaborate.log 
Using 2 slave threads.
Starting static elaboration
Pass Through NonSizing Optimizer
WARNING: [VRFC 10-3091] actual bit length 31 differs from formal bit length 32 for port 'i_jmp_offset' [F:/qbit/qubit_1.0/RISCQv1.1/src/sim/riscq_soc_tb.v:130]
WARNING: [VRFC 10-3091] actual bit length 8 differs from formal bit length 6 for port 'i_waddr_cpu' [F:/qbit/qubit_1.0/RISCQv1.1/src/sim/riscq_soc_tb.v:138]
Completed static elaboration
INFO: [XSIM 43-4323] No Change in HDL. Linking previously generated obj files to create kernel
INFO: [USF-XSim-69] 'elaborate' step finished in '1' seconds
Vivado Simulator 2019.2
Time resolution is 1 ps
Block Memory Generator module riscq_soc_tb.u_riscq_soc.u_inst_rom.u_riscq_rom.inst.native_mem_module.blk_mem_gen_v8_4_4_inst is using a behavioral model for simulation which will not precisely model memory collision behavior.
Block Memory Generator module riscq_soc_tb.u_riscq_soc.u_data_ram.u_riscq_ram.inst.native_mem_module.blk_mem_gen_v8_4_4_inst is using a behavioral model for simulation which will not precisely model memory collision behavior.
blk_mem_gen_v8_4_4 collision detected at time: 125000, Instance: riscq_soc_tb.u_riscq_soc.u_inst_rom.u_riscq_rom.inst.native_mem_module.blk_mem_gen_v8_4_4_inst, A write address: 0, B  read address: 0
relaunch_sim: Time (s): cpu = 00:00:02 ; elapsed = 00:00:06 . Memory (MB): peak = 1116.223 ; gain = 0.000
run 50 us
relaunch_sim
Command: launch_simulation -simset sim_1 -mode behavioral
INFO: [Vivado 12-5698] Checking validity of IPs in the design for the 'XSim' simulator...
INFO: [Vivado 12-5682] Launching behavioral simulation in 'F:/qbit/qubit_1.0/RISCQv1.1/project_1/project_1.sim/sim_1/behav/xsim'
INFO: [Vivado 12-4795] Using compiled simulation libraries for IPs
INFO: [SIM-utils-51] Simulation object is 'sim_1'
INFO: [USF-XSim-7] Finding pre-compiled libraries...
INFO: [USF-XSim-11] File 'C:/Xilinx/Vivado/2019.2/data/xsim/xsim.ini' copied to run dir:'F:/qbit/qubit_1.0/RISCQv1.1/project_1/project_1.sim/sim_1/behav/xsim'
INFO: [SIM-utils-54] Inspecting design source files for 'riscq_soc_tb' in fileset 'sim_1'...
INFO: [USF-XSim-97] Finding global include files...
INFO: [USF-XSim-98] Fetching design files from 'sim_1'...
INFO: [USF-XSim-2] XSim::Compile design
INFO: [USF-XSim-61] Executing 'COMPILE and ANALYZE' step in 'F:/qbit/qubit_1.0/RISCQv1.1/project_1/project_1.sim/sim_1/behav/xsim'
"xvlog --incr --relax -prj riscq_soc_tb_vlog.prj"
INFO: [VRFC 10-2263] Analyzing Verilog file "F:/qbit/qubit_1.0/RISCQv1.1/ip_repos/riscq_ram/sim/riscq_ram.v" into library xil_defaultlib
INFO: [VRFC 10-311] analyzing module riscq_ram
INFO: [VRFC 10-2263] Analyzing Verilog file "F:/qbit/qubit_1.0/RISCQv1.1/ip_repos/riscq_rom/sim/riscq_rom.v" into library xil_defaultlib
INFO: [VRFC 10-311] analyzing module riscq_rom
INFO: [VRFC 10-2263] Analyzing Verilog file "F:/qbit/qubit_1.0/RISCQv1.1/src/hdl/data_ram.v" into library xil_defaultlib
INFO: [VRFC 10-311] analyzing module data_ram
INFO: [VRFC 10-2263] Analyzing Verilog file "F:/qbit/qubit_1.0/RISCQv1.1/src/hdl/inst_rom.v" into library xil_defaultlib
INFO: [VRFC 10-311] analyzing module inst_rom
INFO: [VRFC 10-2263] Analyzing Verilog file "F:/qbit/qubit_1.0/RISCQv1.1/src/hdl/riscq.v" into library xil_defaultlib
INFO: [VRFC 10-311] analyzing module riscq
INFO: [VRFC 10-2263] Analyzing Verilog file "F:/qbit/qubit_1.0/RISCQv1.1/src/hdl/riscq_soc.v" into library xil_defaultlib
INFO: [VRFC 10-311] analyzing module riscq_soc
INFO: [VRFC 10-2263] Analyzing Verilog file "F:/qbit/qubit_1.0/RISCQv1.1/src/hdl/user_regs.v" into library xil_defaultlib
INFO: [VRFC 10-311] analyzing module user_regs
INFO: [VRFC 10-2263] Analyzing Verilog file "F:/qbit/qubit_1.0/RISCQv1.1/src/sim/riscq_soc_tb.v" into library xil_defaultlib
INFO: [VRFC 10-311] analyzing module riscq_soc_tb
INFO: [USF-XSim-69] 'compile' step finished in '1' seconds
Command: launch_simulation -simset sim_1 -mode behavioral
INFO: [Vivado 12-5698] Checking validity of IPs in the design for the 'XSim' simulator...
INFO: [Vivado 12-5682] Launching behavioral simulation in 'F:/qbit/qubit_1.0/RISCQv1.1/project_1/project_1.sim/sim_1/behav/xsim'
INFO: [Vivado 12-4795] Using compiled simulation libraries for IPs
INFO: [USF-XSim-3] XSim::Elaborate design
INFO: [USF-XSim-61] Executing 'ELABORATE' step in 'F:/qbit/qubit_1.0/RISCQv1.1/project_1/project_1.sim/sim_1/behav/xsim'
"xelab -wto b2a814ebb4794e98af5c74d585965e10 --incr --debug typical --relax --mt 2 -L blk_mem_gen_v8_4_4 -L xil_defaultlib -L unisims_ver -L unimacro_ver -L secureip -L xpm --snapshot riscq_soc_tb_behav xil_defaultlib.riscq_soc_tb xil_defaultlib.glbl -log elaborate.log"
Vivado Simulator 2019.2
Copyright 1986-1999, 2001-2019 Xilinx, Inc. All Rights Reserved.
Running: C:/Xilinx/Vivado/2019.2/bin/unwrapped/win64.o/xelab.exe -wto b2a814ebb4794e98af5c74d585965e10 --incr --debug typical --relax --mt 2 -L blk_mem_gen_v8_4_4 -L xil_defaultlib -L unisims_ver -L unimacro_ver -L secureip -L xpm --snapshot riscq_soc_tb_behav xil_defaultlib.riscq_soc_tb xil_defaultlib.glbl -log elaborate.log 
Using 2 slave threads.
Starting static elaboration
Pass Through NonSizing Optimizer
WARNING: [VRFC 10-3091] actual bit length 8 differs from formal bit length 6 for port 'i_waddr_cpu' [F:/qbit/qubit_1.0/RISCQv1.1/src/sim/riscq_soc_tb.v:138]
Completed static elaboration
Starting simulation data flow analysis
Completed simulation data flow analysis
Time Resolution for simulation is 1ps
Compiling module xil_defaultlib.riscq
Compiling module blk_mem_gen_v8_4_4.blk_mem_gen_v8_4_4_output_stage(...
Compiling module blk_mem_gen_v8_4_4.blk_mem_gen_v8_4_4_softecc_outpu...
Compiling module blk_mem_gen_v8_4_4.blk_mem_gen_v8_4_4_mem_module(C_...
Compiling module blk_mem_gen_v8_4_4.blk_mem_gen_v8_4_4(C_FAMILY="kin...
Compiling module xil_defaultlib.riscq_rom
Compiling module xil_defaultlib.inst_rom
Compiling module blk_mem_gen_v8_4_4.blk_mem_gen_v8_4_4_mem_module(C_...
Compiling module blk_mem_gen_v8_4_4.blk_mem_gen_v8_4_4(C_FAMILY="kin...
Compiling module xil_defaultlib.riscq_ram
Compiling module xil_defaultlib.data_ram
Compiling module xil_defaultlib.riscq_soc
Compiling module xil_defaultlib.user_regs
Compiling module xil_defaultlib.riscq_soc_tb
Compiling module xil_defaultlib.glbl
Built simulation snapshot riscq_soc_tb_behav
INFO: [USF-XSim-69] 'elaborate' step finished in '2' seconds
Vivado Simulator 2019.2
Time resolution is 1 ps
Block Memory Generator module riscq_soc_tb.u_riscq_soc.u_inst_rom.u_riscq_rom.inst.native_mem_module.blk_mem_gen_v8_4_4_inst is using a behavioral model for simulation which will not precisely model memory collision behavior.
Block Memory Generator module riscq_soc_tb.u_riscq_soc.u_data_ram.u_riscq_ram.inst.native_mem_module.blk_mem_gen_v8_4_4_inst is using a behavioral model for simulation which will not precisely model memory collision behavior.
blk_mem_gen_v8_4_4 collision detected at time: 125000, Instance: riscq_soc_tb.u_riscq_soc.u_inst_rom.u_riscq_rom.inst.native_mem_module.blk_mem_gen_v8_4_4_inst, A write address: 0, B  read address: 0
relaunch_sim: Time (s): cpu = 00:00:02 ; elapsed = 00:00:07 . Memory (MB): peak = 1116.223 ; gain = 0.000
run 50 us
relaunch_sim
Command: launch_simulation -simset sim_1 -mode behavioral
INFO: [Vivado 12-5698] Checking validity of IPs in the design for the 'XSim' simulator...
INFO: [Vivado 12-5682] Launching behavioral simulation in 'F:/qbit/qubit_1.0/RISCQv1.1/project_1/project_1.sim/sim_1/behav/xsim'
INFO: [Vivado 12-4795] Using compiled simulation libraries for IPs
INFO: [SIM-utils-51] Simulation object is 'sim_1'
INFO: [USF-XSim-7] Finding pre-compiled libraries...
INFO: [USF-XSim-11] File 'C:/Xilinx/Vivado/2019.2/data/xsim/xsim.ini' copied to run dir:'F:/qbit/qubit_1.0/RISCQv1.1/project_1/project_1.sim/sim_1/behav/xsim'
INFO: [SIM-utils-54] Inspecting design source files for 'riscq_soc_tb' in fileset 'sim_1'...
INFO: [USF-XSim-97] Finding global include files...
INFO: [USF-XSim-98] Fetching design files from 'sim_1'...
INFO: [USF-XSim-2] XSim::Compile design
INFO: [USF-XSim-61] Executing 'COMPILE and ANALYZE' step in 'F:/qbit/qubit_1.0/RISCQv1.1/project_1/project_1.sim/sim_1/behav/xsim'
"xvlog --incr --relax -prj riscq_soc_tb_vlog.prj"
INFO: [USF-XSim-69] 'compile' step finished in '1' seconds
Command: launch_simulation -simset sim_1 -mode behavioral
INFO: [Vivado 12-5698] Checking validity of IPs in the design for the 'XSim' simulator...
INFO: [Vivado 12-5682] Launching behavioral simulation in 'F:/qbit/qubit_1.0/RISCQv1.1/project_1/project_1.sim/sim_1/behav/xsim'
INFO: [Vivado 12-4795] Using compiled simulation libraries for IPs
INFO: [USF-XSim-3] XSim::Elaborate design
INFO: [USF-XSim-61] Executing 'ELABORATE' step in 'F:/qbit/qubit_1.0/RISCQv1.1/project_1/project_1.sim/sim_1/behav/xsim'
"xelab -wto b2a814ebb4794e98af5c74d585965e10 --incr --debug typical --relax --mt 2 -L blk_mem_gen_v8_4_4 -L xil_defaultlib -L unisims_ver -L unimacro_ver -L secureip -L xpm --snapshot riscq_soc_tb_behav xil_defaultlib.riscq_soc_tb xil_defaultlib.glbl -log elaborate.log"
Vivado Simulator 2019.2
Copyright 1986-1999, 2001-2019 Xilinx, Inc. All Rights Reserved.
Running: C:/Xilinx/Vivado/2019.2/bin/unwrapped/win64.o/xelab.exe -wto b2a814ebb4794e98af5c74d585965e10 --incr --debug typical --relax --mt 2 -L blk_mem_gen_v8_4_4 -L xil_defaultlib -L unisims_ver -L unimacro_ver -L secureip -L xpm --snapshot riscq_soc_tb_behav xil_defaultlib.riscq_soc_tb xil_defaultlib.glbl -log elaborate.log 
Using 2 slave threads.
Starting static elaboration
Pass Through NonSizing Optimizer
WARNING: [VRFC 10-3091] actual bit length 8 differs from formal bit length 6 for port 'i_waddr_cpu' [F:/qbit/qubit_1.0/RISCQv1.1/src/sim/riscq_soc_tb.v:138]
Completed static elaboration
INFO: [XSIM 43-4323] No Change in HDL. Linking previously generated obj files to create kernel
INFO: [USF-XSim-69] 'elaborate' step finished in '1' seconds
Vivado Simulator 2019.2
Time resolution is 1 ps
Block Memory Generator module riscq_soc_tb.u_riscq_soc.u_inst_rom.u_riscq_rom.inst.native_mem_module.blk_mem_gen_v8_4_4_inst is using a behavioral model for simulation which will not precisely model memory collision behavior.
Block Memory Generator module riscq_soc_tb.u_riscq_soc.u_data_ram.u_riscq_ram.inst.native_mem_module.blk_mem_gen_v8_4_4_inst is using a behavioral model for simulation which will not precisely model memory collision behavior.
blk_mem_gen_v8_4_4 collision detected at time: 125000, Instance: riscq_soc_tb.u_riscq_soc.u_inst_rom.u_riscq_rom.inst.native_mem_module.blk_mem_gen_v8_4_4_inst, A write address: 0, B  read address: 0
relaunch_sim: Time (s): cpu = 00:00:02 ; elapsed = 00:00:06 . Memory (MB): peak = 1116.223 ; gain = 0.000
run 50 us
relaunch_sim
Command: launch_simulation -simset sim_1 -mode behavioral
INFO: [Vivado 12-5698] Checking validity of IPs in the design for the 'XSim' simulator...
INFO: [Vivado 12-5682] Launching behavioral simulation in 'F:/qbit/qubit_1.0/RISCQv1.1/project_1/project_1.sim/sim_1/behav/xsim'
INFO: [Vivado 12-4795] Using compiled simulation libraries for IPs
INFO: [SIM-utils-51] Simulation object is 'sim_1'
INFO: [USF-XSim-7] Finding pre-compiled libraries...
INFO: [USF-XSim-11] File 'C:/Xilinx/Vivado/2019.2/data/xsim/xsim.ini' copied to run dir:'F:/qbit/qubit_1.0/RISCQv1.1/project_1/project_1.sim/sim_1/behav/xsim'
INFO: [SIM-utils-54] Inspecting design source files for 'riscq_soc_tb' in fileset 'sim_1'...
INFO: [USF-XSim-97] Finding global include files...
INFO: [USF-XSim-98] Fetching design files from 'sim_1'...
INFO: [USF-XSim-2] XSim::Compile design
INFO: [USF-XSim-61] Executing 'COMPILE and ANALYZE' step in 'F:/qbit/qubit_1.0/RISCQv1.1/project_1/project_1.sim/sim_1/behav/xsim'
"xvlog --incr --relax -prj riscq_soc_tb_vlog.prj"
INFO: [USF-XSim-69] 'compile' step finished in '1' seconds
Command: launch_simulation -simset sim_1 -mode behavioral
INFO: [Vivado 12-5698] Checking validity of IPs in the design for the 'XSim' simulator...
INFO: [Vivado 12-5682] Launching behavioral simulation in 'F:/qbit/qubit_1.0/RISCQv1.1/project_1/project_1.sim/sim_1/behav/xsim'
INFO: [Vivado 12-4795] Using compiled simulation libraries for IPs
INFO: [USF-XSim-3] XSim::Elaborate design
INFO: [USF-XSim-61] Executing 'ELABORATE' step in 'F:/qbit/qubit_1.0/RISCQv1.1/project_1/project_1.sim/sim_1/behav/xsim'
"xelab -wto b2a814ebb4794e98af5c74d585965e10 --incr --debug typical --relax --mt 2 -L blk_mem_gen_v8_4_4 -L xil_defaultlib -L unisims_ver -L unimacro_ver -L secureip -L xpm --snapshot riscq_soc_tb_behav xil_defaultlib.riscq_soc_tb xil_defaultlib.glbl -log elaborate.log"
Vivado Simulator 2019.2
Copyright 1986-1999, 2001-2019 Xilinx, Inc. All Rights Reserved.
Running: C:/Xilinx/Vivado/2019.2/bin/unwrapped/win64.o/xelab.exe -wto b2a814ebb4794e98af5c74d585965e10 --incr --debug typical --relax --mt 2 -L blk_mem_gen_v8_4_4 -L xil_defaultlib -L unisims_ver -L unimacro_ver -L secureip -L xpm --snapshot riscq_soc_tb_behav xil_defaultlib.riscq_soc_tb xil_defaultlib.glbl -log elaborate.log 
Using 2 slave threads.
Starting static elaboration
Pass Through NonSizing Optimizer
WARNING: [VRFC 10-3091] actual bit length 8 differs from formal bit length 6 for port 'i_waddr_cpu' [F:/qbit/qubit_1.0/RISCQv1.1/src/sim/riscq_soc_tb.v:138]
Completed static elaboration
INFO: [XSIM 43-4323] No Change in HDL. Linking previously generated obj files to create kernel
INFO: [USF-XSim-69] 'elaborate' step finished in '1' seconds
Vivado Simulator 2019.2
Time resolution is 1 ps
Block Memory Generator module riscq_soc_tb.u_riscq_soc.u_inst_rom.u_riscq_rom.inst.native_mem_module.blk_mem_gen_v8_4_4_inst is using a behavioral model for simulation which will not precisely model memory collision behavior.
Block Memory Generator module riscq_soc_tb.u_riscq_soc.u_data_ram.u_riscq_ram.inst.native_mem_module.blk_mem_gen_v8_4_4_inst is using a behavioral model for simulation which will not precisely model memory collision behavior.
blk_mem_gen_v8_4_4 collision detected at time: 125000, Instance: riscq_soc_tb.u_riscq_soc.u_inst_rom.u_riscq_rom.inst.native_mem_module.blk_mem_gen_v8_4_4_inst, A write address: 0, B  read address: 0
relaunch_sim: Time (s): cpu = 00:00:02 ; elapsed = 00:00:06 . Memory (MB): peak = 1116.223 ; gain = 0.000
run 50 us
relaunch_sim
Command: launch_simulation -simset sim_1 -mode behavioral
INFO: [Vivado 12-5698] Checking validity of IPs in the design for the 'XSim' simulator...
INFO: [Vivado 12-5682] Launching behavioral simulation in 'F:/qbit/qubit_1.0/RISCQv1.1/project_1/project_1.sim/sim_1/behav/xsim'
INFO: [Vivado 12-4795] Using compiled simulation libraries for IPs
INFO: [SIM-utils-51] Simulation object is 'sim_1'
INFO: [USF-XSim-7] Finding pre-compiled libraries...
INFO: [USF-XSim-11] File 'C:/Xilinx/Vivado/2019.2/data/xsim/xsim.ini' copied to run dir:'F:/qbit/qubit_1.0/RISCQv1.1/project_1/project_1.sim/sim_1/behav/xsim'
INFO: [SIM-utils-54] Inspecting design source files for 'riscq_soc_tb' in fileset 'sim_1'...
INFO: [USF-XSim-97] Finding global include files...
INFO: [USF-XSim-98] Fetching design files from 'sim_1'...
INFO: [USF-XSim-2] XSim::Compile design
INFO: [USF-XSim-61] Executing 'COMPILE and ANALYZE' step in 'F:/qbit/qubit_1.0/RISCQv1.1/project_1/project_1.sim/sim_1/behav/xsim'
"xvlog --incr --relax -prj riscq_soc_tb_vlog.prj"
INFO: [VRFC 10-2263] Analyzing Verilog file "F:/qbit/qubit_1.0/RISCQv1.1/ip_repos/riscq_ram/sim/riscq_ram.v" into library xil_defaultlib
INFO: [VRFC 10-311] analyzing module riscq_ram
INFO: [VRFC 10-2263] Analyzing Verilog file "F:/qbit/qubit_1.0/RISCQv1.1/ip_repos/riscq_rom/sim/riscq_rom.v" into library xil_defaultlib
INFO: [VRFC 10-311] analyzing module riscq_rom
INFO: [VRFC 10-2263] Analyzing Verilog file "F:/qbit/qubit_1.0/RISCQv1.1/src/hdl/data_ram.v" into library xil_defaultlib
INFO: [VRFC 10-311] analyzing module data_ram
INFO: [VRFC 10-2263] Analyzing Verilog file "F:/qbit/qubit_1.0/RISCQv1.1/src/hdl/inst_rom.v" into library xil_defaultlib
INFO: [VRFC 10-311] analyzing module inst_rom
INFO: [VRFC 10-2263] Analyzing Verilog file "F:/qbit/qubit_1.0/RISCQv1.1/src/hdl/riscq.v" into library xil_defaultlib
INFO: [VRFC 10-311] analyzing module riscq
INFO: [VRFC 10-2263] Analyzing Verilog file "F:/qbit/qubit_1.0/RISCQv1.1/src/hdl/riscq_soc.v" into library xil_defaultlib
INFO: [VRFC 10-311] analyzing module riscq_soc
INFO: [VRFC 10-2263] Analyzing Verilog file "F:/qbit/qubit_1.0/RISCQv1.1/src/hdl/user_regs.v" into library xil_defaultlib
INFO: [VRFC 10-311] analyzing module user_regs
INFO: [VRFC 10-2263] Analyzing Verilog file "F:/qbit/qubit_1.0/RISCQv1.1/src/sim/riscq_soc_tb.v" into library xil_defaultlib
INFO: [VRFC 10-311] analyzing module riscq_soc_tb
INFO: [USF-XSim-69] 'compile' step finished in '1' seconds
Command: launch_simulation -simset sim_1 -mode behavioral
INFO: [Vivado 12-5698] Checking validity of IPs in the design for the 'XSim' simulator...
INFO: [Vivado 12-5682] Launching behavioral simulation in 'F:/qbit/qubit_1.0/RISCQv1.1/project_1/project_1.sim/sim_1/behav/xsim'
INFO: [Vivado 12-4795] Using compiled simulation libraries for IPs
INFO: [USF-XSim-3] XSim::Elaborate design
INFO: [USF-XSim-61] Executing 'ELABORATE' step in 'F:/qbit/qubit_1.0/RISCQv1.1/project_1/project_1.sim/sim_1/behav/xsim'
"xelab -wto b2a814ebb4794e98af5c74d585965e10 --incr --debug typical --relax --mt 2 -L blk_mem_gen_v8_4_4 -L xil_defaultlib -L unisims_ver -L unimacro_ver -L secureip -L xpm --snapshot riscq_soc_tb_behav xil_defaultlib.riscq_soc_tb xil_defaultlib.glbl -log elaborate.log"
Vivado Simulator 2019.2
Copyright 1986-1999, 2001-2019 Xilinx, Inc. All Rights Reserved.
Running: C:/Xilinx/Vivado/2019.2/bin/unwrapped/win64.o/xelab.exe -wto b2a814ebb4794e98af5c74d585965e10 --incr --debug typical --relax --mt 2 -L blk_mem_gen_v8_4_4 -L xil_defaultlib -L unisims_ver -L unimacro_ver -L secureip -L xpm --snapshot riscq_soc_tb_behav xil_defaultlib.riscq_soc_tb xil_defaultlib.glbl -log elaborate.log 
Using 2 slave threads.
Starting static elaboration
Pass Through NonSizing Optimizer
WARNING: [VRFC 10-3091] actual bit length 8 differs from formal bit length 6 for port 'i_waddr_cpu' [F:/qbit/qubit_1.0/RISCQv1.1/src/sim/riscq_soc_tb.v:138]
Completed static elaboration
Starting simulation data flow analysis
Completed simulation data flow analysis
Time Resolution for simulation is 1ps
Compiling module xil_defaultlib.riscq
Compiling module blk_mem_gen_v8_4_4.blk_mem_gen_v8_4_4_output_stage(...
Compiling module blk_mem_gen_v8_4_4.blk_mem_gen_v8_4_4_softecc_outpu...
Compiling module blk_mem_gen_v8_4_4.blk_mem_gen_v8_4_4_mem_module(C_...
Compiling module blk_mem_gen_v8_4_4.blk_mem_gen_v8_4_4(C_FAMILY="kin...
Compiling module xil_defaultlib.riscq_rom
Compiling module xil_defaultlib.inst_rom
Compiling module blk_mem_gen_v8_4_4.blk_mem_gen_v8_4_4_mem_module(C_...
Compiling module blk_mem_gen_v8_4_4.blk_mem_gen_v8_4_4(C_FAMILY="kin...
Compiling module xil_defaultlib.riscq_ram
Compiling module xil_defaultlib.data_ram
Compiling module xil_defaultlib.riscq_soc
Compiling module xil_defaultlib.user_regs
Compiling module xil_defaultlib.riscq_soc_tb
Compiling module xil_defaultlib.glbl
Built simulation snapshot riscq_soc_tb_behav
INFO: [USF-XSim-69] 'elaborate' step finished in '3' seconds
Vivado Simulator 2019.2
Time resolution is 1 ps
Block Memory Generator module riscq_soc_tb.u_riscq_soc.u_inst_rom.u_riscq_rom.inst.native_mem_module.blk_mem_gen_v8_4_4_inst is using a behavioral model for simulation which will not precisely model memory collision behavior.
Block Memory Generator module riscq_soc_tb.u_riscq_soc.u_data_ram.u_riscq_ram.inst.native_mem_module.blk_mem_gen_v8_4_4_inst is using a behavioral model for simulation which will not precisely model memory collision behavior.
blk_mem_gen_v8_4_4 collision detected at time: 125000, Instance: riscq_soc_tb.u_riscq_soc.u_inst_rom.u_riscq_rom.inst.native_mem_module.blk_mem_gen_v8_4_4_inst, A write address: 0, B  read address: 0
relaunch_sim: Time (s): cpu = 00:00:02 ; elapsed = 00:00:07 . Memory (MB): peak = 1116.223 ; gain = 0.000
run 50 us
relaunch_sim
Command: launch_simulation -simset sim_1 -mode behavioral
INFO: [Vivado 12-5698] Checking validity of IPs in the design for the 'XSim' simulator...
INFO: [Vivado 12-5682] Launching behavioral simulation in 'F:/qbit/qubit_1.0/RISCQv1.1/project_1/project_1.sim/sim_1/behav/xsim'
INFO: [Vivado 12-4795] Using compiled simulation libraries for IPs
INFO: [SIM-utils-51] Simulation object is 'sim_1'
INFO: [USF-XSim-7] Finding pre-compiled libraries...
INFO: [USF-XSim-11] File 'C:/Xilinx/Vivado/2019.2/data/xsim/xsim.ini' copied to run dir:'F:/qbit/qubit_1.0/RISCQv1.1/project_1/project_1.sim/sim_1/behav/xsim'
INFO: [SIM-utils-54] Inspecting design source files for 'riscq_soc_tb' in fileset 'sim_1'...
INFO: [USF-XSim-97] Finding global include files...
INFO: [USF-XSim-98] Fetching design files from 'sim_1'...
INFO: [USF-XSim-2] XSim::Compile design
INFO: [USF-XSim-61] Executing 'COMPILE and ANALYZE' step in 'F:/qbit/qubit_1.0/RISCQv1.1/project_1/project_1.sim/sim_1/behav/xsim'
"xvlog --incr --relax -prj riscq_soc_tb_vlog.prj"
INFO: [VRFC 10-2263] Analyzing Verilog file "F:/qbit/qubit_1.0/RISCQv1.1/ip_repos/riscq_ram/sim/riscq_ram.v" into library xil_defaultlib
INFO: [VRFC 10-311] analyzing module riscq_ram
INFO: [VRFC 10-2263] Analyzing Verilog file "F:/qbit/qubit_1.0/RISCQv1.1/ip_repos/riscq_rom/sim/riscq_rom.v" into library xil_defaultlib
INFO: [VRFC 10-311] analyzing module riscq_rom
INFO: [VRFC 10-2263] Analyzing Verilog file "F:/qbit/qubit_1.0/RISCQv1.1/src/hdl/data_ram.v" into library xil_defaultlib
INFO: [VRFC 10-311] analyzing module data_ram
INFO: [VRFC 10-2263] Analyzing Verilog file "F:/qbit/qubit_1.0/RISCQv1.1/src/hdl/inst_rom.v" into library xil_defaultlib
INFO: [VRFC 10-311] analyzing module inst_rom
INFO: [VRFC 10-2263] Analyzing Verilog file "F:/qbit/qubit_1.0/RISCQv1.1/src/hdl/riscq.v" into library xil_defaultlib
INFO: [VRFC 10-311] analyzing module riscq
INFO: [VRFC 10-2263] Analyzing Verilog file "F:/qbit/qubit_1.0/RISCQv1.1/src/hdl/riscq_soc.v" into library xil_defaultlib
INFO: [VRFC 10-311] analyzing module riscq_soc
INFO: [VRFC 10-2263] Analyzing Verilog file "F:/qbit/qubit_1.0/RISCQv1.1/src/hdl/user_regs.v" into library xil_defaultlib
INFO: [VRFC 10-311] analyzing module user_regs
INFO: [VRFC 10-2263] Analyzing Verilog file "F:/qbit/qubit_1.0/RISCQv1.1/src/sim/riscq_soc_tb.v" into library xil_defaultlib
INFO: [VRFC 10-311] analyzing module riscq_soc_tb
INFO: [USF-XSim-69] 'compile' step finished in '1' seconds
Command: launch_simulation -simset sim_1 -mode behavioral
INFO: [Vivado 12-5698] Checking validity of IPs in the design for the 'XSim' simulator...
INFO: [Vivado 12-5682] Launching behavioral simulation in 'F:/qbit/qubit_1.0/RISCQv1.1/project_1/project_1.sim/sim_1/behav/xsim'
INFO: [Vivado 12-4795] Using compiled simulation libraries for IPs
INFO: [USF-XSim-3] XSim::Elaborate design
INFO: [USF-XSim-61] Executing 'ELABORATE' step in 'F:/qbit/qubit_1.0/RISCQv1.1/project_1/project_1.sim/sim_1/behav/xsim'
"xelab -wto b2a814ebb4794e98af5c74d585965e10 --incr --debug typical --relax --mt 2 -L blk_mem_gen_v8_4_4 -L xil_defaultlib -L unisims_ver -L unimacro_ver -L secureip -L xpm --snapshot riscq_soc_tb_behav xil_defaultlib.riscq_soc_tb xil_defaultlib.glbl -log elaborate.log"
Vivado Simulator 2019.2
Copyright 1986-1999, 2001-2019 Xilinx, Inc. All Rights Reserved.
Running: C:/Xilinx/Vivado/2019.2/bin/unwrapped/win64.o/xelab.exe -wto b2a814ebb4794e98af5c74d585965e10 --incr --debug typical --relax --mt 2 -L blk_mem_gen_v8_4_4 -L xil_defaultlib -L unisims_ver -L unimacro_ver -L secureip -L xpm --snapshot riscq_soc_tb_behav xil_defaultlib.riscq_soc_tb xil_defaultlib.glbl -log elaborate.log 
Using 2 slave threads.
Starting static elaboration
Pass Through NonSizing Optimizer
WARNING: [VRFC 10-3091] actual bit length 8 differs from formal bit length 6 for port 'i_waddr_cpu' [F:/qbit/qubit_1.0/RISCQv1.1/src/sim/riscq_soc_tb.v:138]
Completed static elaboration
Starting simulation data flow analysis
Completed simulation data flow analysis
Time Resolution for simulation is 1ps
Compiling module xil_defaultlib.riscq
Compiling module blk_mem_gen_v8_4_4.blk_mem_gen_v8_4_4_output_stage(...
Compiling module blk_mem_gen_v8_4_4.blk_mem_gen_v8_4_4_softecc_outpu...
Compiling module blk_mem_gen_v8_4_4.blk_mem_gen_v8_4_4_mem_module(C_...
Compiling module blk_mem_gen_v8_4_4.blk_mem_gen_v8_4_4(C_FAMILY="kin...
Compiling module xil_defaultlib.riscq_rom
Compiling module xil_defaultlib.inst_rom
Compiling module blk_mem_gen_v8_4_4.blk_mem_gen_v8_4_4_mem_module(C_...
Compiling module blk_mem_gen_v8_4_4.blk_mem_gen_v8_4_4(C_FAMILY="kin...
Compiling module xil_defaultlib.riscq_ram
Compiling module xil_defaultlib.data_ram
Compiling module xil_defaultlib.riscq_soc
Compiling module xil_defaultlib.user_regs
Compiling module xil_defaultlib.riscq_soc_tb
Compiling module xil_defaultlib.glbl
Built simulation snapshot riscq_soc_tb_behav
INFO: [USF-XSim-69] 'elaborate' step finished in '2' seconds
Vivado Simulator 2019.2
Time resolution is 1 ps
Block Memory Generator module riscq_soc_tb.u_riscq_soc.u_inst_rom.u_riscq_rom.inst.native_mem_module.blk_mem_gen_v8_4_4_inst is using a behavioral model for simulation which will not precisely model memory collision behavior.
Block Memory Generator module riscq_soc_tb.u_riscq_soc.u_data_ram.u_riscq_ram.inst.native_mem_module.blk_mem_gen_v8_4_4_inst is using a behavioral model for simulation which will not precisely model memory collision behavior.
blk_mem_gen_v8_4_4 collision detected at time: 125000, Instance: riscq_soc_tb.u_riscq_soc.u_inst_rom.u_riscq_rom.inst.native_mem_module.blk_mem_gen_v8_4_4_inst, A write address: 0, B  read address: 0
relaunch_sim: Time (s): cpu = 00:00:02 ; elapsed = 00:00:07 . Memory (MB): peak = 1116.223 ; gain = 0.000
run 50 us
relaunch_sim
Command: launch_simulation -simset sim_1 -mode behavioral
INFO: [Vivado 12-5698] Checking validity of IPs in the design for the 'XSim' simulator...
INFO: [Vivado 12-5682] Launching behavioral simulation in 'F:/qbit/qubit_1.0/RISCQv1.1/project_1/project_1.sim/sim_1/behav/xsim'
INFO: [Vivado 12-4795] Using compiled simulation libraries for IPs
INFO: [SIM-utils-51] Simulation object is 'sim_1'
INFO: [USF-XSim-7] Finding pre-compiled libraries...
INFO: [USF-XSim-11] File 'C:/Xilinx/Vivado/2019.2/data/xsim/xsim.ini' copied to run dir:'F:/qbit/qubit_1.0/RISCQv1.1/project_1/project_1.sim/sim_1/behav/xsim'
INFO: [SIM-utils-54] Inspecting design source files for 'riscq_soc_tb' in fileset 'sim_1'...
INFO: [USF-XSim-97] Finding global include files...
INFO: [USF-XSim-98] Fetching design files from 'sim_1'...
INFO: [USF-XSim-2] XSim::Compile design
INFO: [USF-XSim-61] Executing 'COMPILE and ANALYZE' step in 'F:/qbit/qubit_1.0/RISCQv1.1/project_1/project_1.sim/sim_1/behav/xsim'
"xvlog --incr --relax -prj riscq_soc_tb_vlog.prj"
INFO: [USF-XSim-69] 'compile' step finished in '1' seconds
Command: launch_simulation -simset sim_1 -mode behavioral
INFO: [Vivado 12-5698] Checking validity of IPs in the design for the 'XSim' simulator...
INFO: [Vivado 12-5682] Launching behavioral simulation in 'F:/qbit/qubit_1.0/RISCQv1.1/project_1/project_1.sim/sim_1/behav/xsim'
INFO: [Vivado 12-4795] Using compiled simulation libraries for IPs
INFO: [USF-XSim-3] XSim::Elaborate design
INFO: [USF-XSim-61] Executing 'ELABORATE' step in 'F:/qbit/qubit_1.0/RISCQv1.1/project_1/project_1.sim/sim_1/behav/xsim'
"xelab -wto b2a814ebb4794e98af5c74d585965e10 --incr --debug typical --relax --mt 2 -L blk_mem_gen_v8_4_4 -L xil_defaultlib -L unisims_ver -L unimacro_ver -L secureip -L xpm --snapshot riscq_soc_tb_behav xil_defaultlib.riscq_soc_tb xil_defaultlib.glbl -log elaborate.log"
Vivado Simulator 2019.2
Copyright 1986-1999, 2001-2019 Xilinx, Inc. All Rights Reserved.
Running: C:/Xilinx/Vivado/2019.2/bin/unwrapped/win64.o/xelab.exe -wto b2a814ebb4794e98af5c74d585965e10 --incr --debug typical --relax --mt 2 -L blk_mem_gen_v8_4_4 -L xil_defaultlib -L unisims_ver -L unimacro_ver -L secureip -L xpm --snapshot riscq_soc_tb_behav xil_defaultlib.riscq_soc_tb xil_defaultlib.glbl -log elaborate.log 
Using 2 slave threads.
Starting static elaboration
Pass Through NonSizing Optimizer
WARNING: [VRFC 10-3091] actual bit length 8 differs from formal bit length 6 for port 'i_waddr_cpu' [F:/qbit/qubit_1.0/RISCQv1.1/src/sim/riscq_soc_tb.v:138]
Completed static elaboration
INFO: [XSIM 43-4323] No Change in HDL. Linking previously generated obj files to create kernel
INFO: [USF-XSim-69] 'elaborate' step finished in '1' seconds
Vivado Simulator 2019.2
Time resolution is 1 ps
Block Memory Generator module riscq_soc_tb.u_riscq_soc.u_inst_rom.u_riscq_rom.inst.native_mem_module.blk_mem_gen_v8_4_4_inst is using a behavioral model for simulation which will not precisely model memory collision behavior.
Block Memory Generator module riscq_soc_tb.u_riscq_soc.u_data_ram.u_riscq_ram.inst.native_mem_module.blk_mem_gen_v8_4_4_inst is using a behavioral model for simulation which will not precisely model memory collision behavior.
blk_mem_gen_v8_4_4 collision detected at time: 125000, Instance: riscq_soc_tb.u_riscq_soc.u_inst_rom.u_riscq_rom.inst.native_mem_module.blk_mem_gen_v8_4_4_inst, A write address: 0, B  read address: 0
relaunch_sim: Time (s): cpu = 00:00:02 ; elapsed = 00:00:06 . Memory (MB): peak = 1116.223 ; gain = 0.000
run 50 us
relaunch_sim
Command: launch_simulation -simset sim_1 -mode behavioral
INFO: [Vivado 12-5698] Checking validity of IPs in the design for the 'XSim' simulator...
INFO: [Vivado 12-5682] Launching behavioral simulation in 'F:/qbit/qubit_1.0/RISCQv1.1/project_1/project_1.sim/sim_1/behav/xsim'
INFO: [Vivado 12-4795] Using compiled simulation libraries for IPs
INFO: [SIM-utils-51] Simulation object is 'sim_1'
INFO: [USF-XSim-7] Finding pre-compiled libraries...
INFO: [USF-XSim-11] File 'C:/Xilinx/Vivado/2019.2/data/xsim/xsim.ini' copied to run dir:'F:/qbit/qubit_1.0/RISCQv1.1/project_1/project_1.sim/sim_1/behav/xsim'
INFO: [SIM-utils-54] Inspecting design source files for 'riscq_soc_tb' in fileset 'sim_1'...
INFO: [USF-XSim-97] Finding global include files...
INFO: [USF-XSim-98] Fetching design files from 'sim_1'...
INFO: [USF-XSim-2] XSim::Compile design
INFO: [USF-XSim-61] Executing 'COMPILE and ANALYZE' step in 'F:/qbit/qubit_1.0/RISCQv1.1/project_1/project_1.sim/sim_1/behav/xsim'
"xvlog --incr --relax -prj riscq_soc_tb_vlog.prj"
INFO: [USF-XSim-69] 'compile' step finished in '1' seconds
Command: launch_simulation -simset sim_1 -mode behavioral
INFO: [Vivado 12-5698] Checking validity of IPs in the design for the 'XSim' simulator...
INFO: [Vivado 12-5682] Launching behavioral simulation in 'F:/qbit/qubit_1.0/RISCQv1.1/project_1/project_1.sim/sim_1/behav/xsim'
INFO: [Vivado 12-4795] Using compiled simulation libraries for IPs
INFO: [USF-XSim-3] XSim::Elaborate design
INFO: [USF-XSim-61] Executing 'ELABORATE' step in 'F:/qbit/qubit_1.0/RISCQv1.1/project_1/project_1.sim/sim_1/behav/xsim'
"xelab -wto b2a814ebb4794e98af5c74d585965e10 --incr --debug typical --relax --mt 2 -L blk_mem_gen_v8_4_4 -L xil_defaultlib -L unisims_ver -L unimacro_ver -L secureip -L xpm --snapshot riscq_soc_tb_behav xil_defaultlib.riscq_soc_tb xil_defaultlib.glbl -log elaborate.log"
Vivado Simulator 2019.2
Copyright 1986-1999, 2001-2019 Xilinx, Inc. All Rights Reserved.
Running: C:/Xilinx/Vivado/2019.2/bin/unwrapped/win64.o/xelab.exe -wto b2a814ebb4794e98af5c74d585965e10 --incr --debug typical --relax --mt 2 -L blk_mem_gen_v8_4_4 -L xil_defaultlib -L unisims_ver -L unimacro_ver -L secureip -L xpm --snapshot riscq_soc_tb_behav xil_defaultlib.riscq_soc_tb xil_defaultlib.glbl -log elaborate.log 
Using 2 slave threads.
Starting static elaboration
Pass Through NonSizing Optimizer
WARNING: [VRFC 10-3091] actual bit length 8 differs from formal bit length 6 for port 'i_waddr_cpu' [F:/qbit/qubit_1.0/RISCQv1.1/src/sim/riscq_soc_tb.v:138]
Completed static elaboration
INFO: [XSIM 43-4323] No Change in HDL. Linking previously generated obj files to create kernel
INFO: [USF-XSim-69] 'elaborate' step finished in '1' seconds
Vivado Simulator 2019.2
Time resolution is 1 ps
Block Memory Generator module riscq_soc_tb.u_riscq_soc.u_inst_rom.u_riscq_rom.inst.native_mem_module.blk_mem_gen_v8_4_4_inst is using a behavioral model for simulation which will not precisely model memory collision behavior.
Block Memory Generator module riscq_soc_tb.u_riscq_soc.u_data_ram.u_riscq_ram.inst.native_mem_module.blk_mem_gen_v8_4_4_inst is using a behavioral model for simulation which will not precisely model memory collision behavior.
blk_mem_gen_v8_4_4 collision detected at time: 125000, Instance: riscq_soc_tb.u_riscq_soc.u_inst_rom.u_riscq_rom.inst.native_mem_module.blk_mem_gen_v8_4_4_inst, A write address: 0, B  read address: 0
relaunch_sim: Time (s): cpu = 00:00:02 ; elapsed = 00:00:06 . Memory (MB): peak = 1116.223 ; gain = 0.000
run 50 us
relaunch_sim
Command: launch_simulation -simset sim_1 -mode behavioral
INFO: [Vivado 12-5698] Checking validity of IPs in the design for the 'XSim' simulator...
INFO: [Vivado 12-5682] Launching behavioral simulation in 'F:/qbit/qubit_1.0/RISCQv1.1/project_1/project_1.sim/sim_1/behav/xsim'
INFO: [Vivado 12-4795] Using compiled simulation libraries for IPs
INFO: [SIM-utils-51] Simulation object is 'sim_1'
INFO: [USF-XSim-7] Finding pre-compiled libraries...
INFO: [USF-XSim-11] File 'C:/Xilinx/Vivado/2019.2/data/xsim/xsim.ini' copied to run dir:'F:/qbit/qubit_1.0/RISCQv1.1/project_1/project_1.sim/sim_1/behav/xsim'
INFO: [SIM-utils-54] Inspecting design source files for 'riscq_soc_tb' in fileset 'sim_1'...
INFO: [USF-XSim-97] Finding global include files...
INFO: [USF-XSim-98] Fetching design files from 'sim_1'...
INFO: [USF-XSim-2] XSim::Compile design
INFO: [USF-XSim-61] Executing 'COMPILE and ANALYZE' step in 'F:/qbit/qubit_1.0/RISCQv1.1/project_1/project_1.sim/sim_1/behav/xsim'
"xvlog --incr --relax -prj riscq_soc_tb_vlog.prj"
INFO: [VRFC 10-2263] Analyzing Verilog file "F:/qbit/qubit_1.0/RISCQv1.1/ip_repos/riscq_ram/sim/riscq_ram.v" into library xil_defaultlib
INFO: [VRFC 10-311] analyzing module riscq_ram
INFO: [VRFC 10-2263] Analyzing Verilog file "F:/qbit/qubit_1.0/RISCQv1.1/ip_repos/riscq_rom/sim/riscq_rom.v" into library xil_defaultlib
INFO: [VRFC 10-311] analyzing module riscq_rom
INFO: [VRFC 10-2263] Analyzing Verilog file "F:/qbit/qubit_1.0/RISCQv1.1/src/hdl/data_ram.v" into library xil_defaultlib
INFO: [VRFC 10-311] analyzing module data_ram
INFO: [VRFC 10-2263] Analyzing Verilog file "F:/qbit/qubit_1.0/RISCQv1.1/src/hdl/inst_rom.v" into library xil_defaultlib
INFO: [VRFC 10-311] analyzing module inst_rom
INFO: [VRFC 10-2263] Analyzing Verilog file "F:/qbit/qubit_1.0/RISCQv1.1/src/hdl/riscq.v" into library xil_defaultlib
INFO: [VRFC 10-311] analyzing module riscq
INFO: [VRFC 10-2263] Analyzing Verilog file "F:/qbit/qubit_1.0/RISCQv1.1/src/hdl/riscq_soc.v" into library xil_defaultlib
INFO: [VRFC 10-311] analyzing module riscq_soc
INFO: [VRFC 10-2263] Analyzing Verilog file "F:/qbit/qubit_1.0/RISCQv1.1/src/hdl/user_regs.v" into library xil_defaultlib
INFO: [VRFC 10-311] analyzing module user_regs
INFO: [VRFC 10-2263] Analyzing Verilog file "F:/qbit/qubit_1.0/RISCQv1.1/src/sim/riscq_soc_tb.v" into library xil_defaultlib
INFO: [VRFC 10-311] analyzing module riscq_soc_tb
INFO: [USF-XSim-69] 'compile' step finished in '1' seconds
Command: launch_simulation -simset sim_1 -mode behavioral
INFO: [Vivado 12-5698] Checking validity of IPs in the design for the 'XSim' simulator...
INFO: [Vivado 12-5682] Launching behavioral simulation in 'F:/qbit/qubit_1.0/RISCQv1.1/project_1/project_1.sim/sim_1/behav/xsim'
INFO: [Vivado 12-4795] Using compiled simulation libraries for IPs
INFO: [USF-XSim-3] XSim::Elaborate design
INFO: [USF-XSim-61] Executing 'ELABORATE' step in 'F:/qbit/qubit_1.0/RISCQv1.1/project_1/project_1.sim/sim_1/behav/xsim'
"xelab -wto b2a814ebb4794e98af5c74d585965e10 --incr --debug typical --relax --mt 2 -L blk_mem_gen_v8_4_4 -L xil_defaultlib -L unisims_ver -L unimacro_ver -L secureip -L xpm --snapshot riscq_soc_tb_behav xil_defaultlib.riscq_soc_tb xil_defaultlib.glbl -log elaborate.log"
Vivado Simulator 2019.2
Copyright 1986-1999, 2001-2019 Xilinx, Inc. All Rights Reserved.
Running: C:/Xilinx/Vivado/2019.2/bin/unwrapped/win64.o/xelab.exe -wto b2a814ebb4794e98af5c74d585965e10 --incr --debug typical --relax --mt 2 -L blk_mem_gen_v8_4_4 -L xil_defaultlib -L unisims_ver -L unimacro_ver -L secureip -L xpm --snapshot riscq_soc_tb_behav xil_defaultlib.riscq_soc_tb xil_defaultlib.glbl -log elaborate.log 
Using 2 slave threads.
Starting static elaboration
Pass Through NonSizing Optimizer
WARNING: [VRFC 10-3091] actual bit length 8 differs from formal bit length 6 for port 'i_waddr_cpu' [F:/qbit/qubit_1.0/RISCQv1.1/src/sim/riscq_soc_tb.v:138]
Completed static elaboration
Starting simulation data flow analysis
Completed simulation data flow analysis
Time Resolution for simulation is 1ps
Compiling module xil_defaultlib.riscq
Compiling module blk_mem_gen_v8_4_4.blk_mem_gen_v8_4_4_output_stage(...
Compiling module blk_mem_gen_v8_4_4.blk_mem_gen_v8_4_4_softecc_outpu...
Compiling module blk_mem_gen_v8_4_4.blk_mem_gen_v8_4_4_mem_module(C_...
Compiling module blk_mem_gen_v8_4_4.blk_mem_gen_v8_4_4(C_FAMILY="kin...
Compiling module xil_defaultlib.riscq_rom
Compiling module xil_defaultlib.inst_rom
Compiling module blk_mem_gen_v8_4_4.blk_mem_gen_v8_4_4_mem_module(C_...
Compiling module blk_mem_gen_v8_4_4.blk_mem_gen_v8_4_4(C_FAMILY="kin...
Compiling module xil_defaultlib.riscq_ram
Compiling module xil_defaultlib.data_ram
Compiling module xil_defaultlib.riscq_soc
Compiling module xil_defaultlib.user_regs
Compiling module xil_defaultlib.riscq_soc_tb
Compiling module xil_defaultlib.glbl
Built simulation snapshot riscq_soc_tb_behav
INFO: [USF-XSim-69] 'elaborate' step finished in '2' seconds
Vivado Simulator 2019.2
Time resolution is 1 ps
Block Memory Generator module riscq_soc_tb.u_riscq_soc.u_inst_rom.u_riscq_rom.inst.native_mem_module.blk_mem_gen_v8_4_4_inst is using a behavioral model for simulation which will not precisely model memory collision behavior.
Block Memory Generator module riscq_soc_tb.u_riscq_soc.u_data_ram.u_riscq_ram.inst.native_mem_module.blk_mem_gen_v8_4_4_inst is using a behavioral model for simulation which will not precisely model memory collision behavior.
blk_mem_gen_v8_4_4 collision detected at time: 125000, Instance: riscq_soc_tb.u_riscq_soc.u_inst_rom.u_riscq_rom.inst.native_mem_module.blk_mem_gen_v8_4_4_inst, A write address: 0, B  read address: 0
relaunch_sim: Time (s): cpu = 00:00:02 ; elapsed = 00:00:07 . Memory (MB): peak = 1116.223 ; gain = 0.000
run 50 us
relaunch_sim
Command: launch_simulation -simset sim_1 -mode behavioral
INFO: [Vivado 12-5698] Checking validity of IPs in the design for the 'XSim' simulator...
INFO: [Vivado 12-5682] Launching behavioral simulation in 'F:/qbit/qubit_1.0/RISCQv1.1/project_1/project_1.sim/sim_1/behav/xsim'
INFO: [Vivado 12-4795] Using compiled simulation libraries for IPs
INFO: [SIM-utils-51] Simulation object is 'sim_1'
INFO: [USF-XSim-7] Finding pre-compiled libraries...
INFO: [USF-XSim-11] File 'C:/Xilinx/Vivado/2019.2/data/xsim/xsim.ini' copied to run dir:'F:/qbit/qubit_1.0/RISCQv1.1/project_1/project_1.sim/sim_1/behav/xsim'
INFO: [SIM-utils-54] Inspecting design source files for 'riscq_soc_tb' in fileset 'sim_1'...
INFO: [USF-XSim-97] Finding global include files...
INFO: [USF-XSim-98] Fetching design files from 'sim_1'...
INFO: [USF-XSim-2] XSim::Compile design
INFO: [USF-XSim-61] Executing 'COMPILE and ANALYZE' step in 'F:/qbit/qubit_1.0/RISCQv1.1/project_1/project_1.sim/sim_1/behav/xsim'
"xvlog --incr --relax -prj riscq_soc_tb_vlog.prj"
INFO: [USF-XSim-69] 'compile' step finished in '1' seconds
Command: launch_simulation -simset sim_1 -mode behavioral
INFO: [Vivado 12-5698] Checking validity of IPs in the design for the 'XSim' simulator...
INFO: [Vivado 12-5682] Launching behavioral simulation in 'F:/qbit/qubit_1.0/RISCQv1.1/project_1/project_1.sim/sim_1/behav/xsim'
INFO: [Vivado 12-4795] Using compiled simulation libraries for IPs
INFO: [USF-XSim-3] XSim::Elaborate design
INFO: [USF-XSim-61] Executing 'ELABORATE' step in 'F:/qbit/qubit_1.0/RISCQv1.1/project_1/project_1.sim/sim_1/behav/xsim'
"xelab -wto b2a814ebb4794e98af5c74d585965e10 --incr --debug typical --relax --mt 2 -L blk_mem_gen_v8_4_4 -L xil_defaultlib -L unisims_ver -L unimacro_ver -L secureip -L xpm --snapshot riscq_soc_tb_behav xil_defaultlib.riscq_soc_tb xil_defaultlib.glbl -log elaborate.log"
Vivado Simulator 2019.2
Copyright 1986-1999, 2001-2019 Xilinx, Inc. All Rights Reserved.
Running: C:/Xilinx/Vivado/2019.2/bin/unwrapped/win64.o/xelab.exe -wto b2a814ebb4794e98af5c74d585965e10 --incr --debug typical --relax --mt 2 -L blk_mem_gen_v8_4_4 -L xil_defaultlib -L unisims_ver -L unimacro_ver -L secureip -L xpm --snapshot riscq_soc_tb_behav xil_defaultlib.riscq_soc_tb xil_defaultlib.glbl -log elaborate.log 
Using 2 slave threads.
Starting static elaboration
Pass Through NonSizing Optimizer
WARNING: [VRFC 10-3091] actual bit length 8 differs from formal bit length 6 for port 'i_waddr_cpu' [F:/qbit/qubit_1.0/RISCQv1.1/src/sim/riscq_soc_tb.v:138]
Completed static elaboration
INFO: [XSIM 43-4323] No Change in HDL. Linking previously generated obj files to create kernel
INFO: [USF-XSim-69] 'elaborate' step finished in '1' seconds
Vivado Simulator 2019.2
Time resolution is 1 ps
Block Memory Generator module riscq_soc_tb.u_riscq_soc.u_inst_rom.u_riscq_rom.inst.native_mem_module.blk_mem_gen_v8_4_4_inst is using a behavioral model for simulation which will not precisely model memory collision behavior.
Block Memory Generator module riscq_soc_tb.u_riscq_soc.u_data_ram.u_riscq_ram.inst.native_mem_module.blk_mem_gen_v8_4_4_inst is using a behavioral model for simulation which will not precisely model memory collision behavior.
blk_mem_gen_v8_4_4 collision detected at time: 125000, Instance: riscq_soc_tb.u_riscq_soc.u_inst_rom.u_riscq_rom.inst.native_mem_module.blk_mem_gen_v8_4_4_inst, A write address: 0, B  read address: 0
relaunch_sim: Time (s): cpu = 00:00:01 ; elapsed = 00:00:06 . Memory (MB): peak = 1116.223 ; gain = 0.000
run 50 us
relaunch_sim
Command: launch_simulation -simset sim_1 -mode behavioral
INFO: [Vivado 12-5698] Checking validity of IPs in the design for the 'XSim' simulator...
INFO: [Vivado 12-5682] Launching behavioral simulation in 'F:/qbit/qubit_1.0/RISCQv1.1/project_1/project_1.sim/sim_1/behav/xsim'
INFO: [Vivado 12-4795] Using compiled simulation libraries for IPs
INFO: [SIM-utils-51] Simulation object is 'sim_1'
INFO: [USF-XSim-7] Finding pre-compiled libraries...
INFO: [USF-XSim-11] File 'C:/Xilinx/Vivado/2019.2/data/xsim/xsim.ini' copied to run dir:'F:/qbit/qubit_1.0/RISCQv1.1/project_1/project_1.sim/sim_1/behav/xsim'
INFO: [SIM-utils-54] Inspecting design source files for 'riscq_soc_tb' in fileset 'sim_1'...
INFO: [USF-XSim-97] Finding global include files...
INFO: [USF-XSim-98] Fetching design files from 'sim_1'...
INFO: [USF-XSim-2] XSim::Compile design
INFO: [USF-XSim-61] Executing 'COMPILE and ANALYZE' step in 'F:/qbit/qubit_1.0/RISCQv1.1/project_1/project_1.sim/sim_1/behav/xsim'
"xvlog --incr --relax -prj riscq_soc_tb_vlog.prj"
INFO: [USF-XSim-69] 'compile' step finished in '1' seconds
Command: launch_simulation -simset sim_1 -mode behavioral
INFO: [Vivado 12-5698] Checking validity of IPs in the design for the 'XSim' simulator...
INFO: [Vivado 12-5682] Launching behavioral simulation in 'F:/qbit/qubit_1.0/RISCQv1.1/project_1/project_1.sim/sim_1/behav/xsim'
INFO: [Vivado 12-4795] Using compiled simulation libraries for IPs
INFO: [USF-XSim-3] XSim::Elaborate design
INFO: [USF-XSim-61] Executing 'ELABORATE' step in 'F:/qbit/qubit_1.0/RISCQv1.1/project_1/project_1.sim/sim_1/behav/xsim'
"xelab -wto b2a814ebb4794e98af5c74d585965e10 --incr --debug typical --relax --mt 2 -L blk_mem_gen_v8_4_4 -L xil_defaultlib -L unisims_ver -L unimacro_ver -L secureip -L xpm --snapshot riscq_soc_tb_behav xil_defaultlib.riscq_soc_tb xil_defaultlib.glbl -log elaborate.log"
Vivado Simulator 2019.2
Copyright 1986-1999, 2001-2019 Xilinx, Inc. All Rights Reserved.
Running: C:/Xilinx/Vivado/2019.2/bin/unwrapped/win64.o/xelab.exe -wto b2a814ebb4794e98af5c74d585965e10 --incr --debug typical --relax --mt 2 -L blk_mem_gen_v8_4_4 -L xil_defaultlib -L unisims_ver -L unimacro_ver -L secureip -L xpm --snapshot riscq_soc_tb_behav xil_defaultlib.riscq_soc_tb xil_defaultlib.glbl -log elaborate.log 
Using 2 slave threads.
Starting static elaboration
Pass Through NonSizing Optimizer
WARNING: [VRFC 10-3091] actual bit length 8 differs from formal bit length 6 for port 'i_waddr_cpu' [F:/qbit/qubit_1.0/RISCQv1.1/src/sim/riscq_soc_tb.v:138]
Completed static elaboration
INFO: [XSIM 43-4323] No Change in HDL. Linking previously generated obj files to create kernel
INFO: [USF-XSim-69] 'elaborate' step finished in '1' seconds
Vivado Simulator 2019.2
Time resolution is 1 ps
Block Memory Generator module riscq_soc_tb.u_riscq_soc.u_inst_rom.u_riscq_rom.inst.native_mem_module.blk_mem_gen_v8_4_4_inst is using a behavioral model for simulation which will not precisely model memory collision behavior.
Block Memory Generator module riscq_soc_tb.u_riscq_soc.u_data_ram.u_riscq_ram.inst.native_mem_module.blk_mem_gen_v8_4_4_inst is using a behavioral model for simulation which will not precisely model memory collision behavior.
blk_mem_gen_v8_4_4 collision detected at time: 125000, Instance: riscq_soc_tb.u_riscq_soc.u_inst_rom.u_riscq_rom.inst.native_mem_module.blk_mem_gen_v8_4_4_inst, A write address: 0, B  read address: 0
relaunch_sim: Time (s): cpu = 00:00:02 ; elapsed = 00:00:06 . Memory (MB): peak = 1116.223 ; gain = 0.000
run 50 us
relaunch_sim
Command: launch_simulation -simset sim_1 -mode behavioral
INFO: [Vivado 12-5698] Checking validity of IPs in the design for the 'XSim' simulator...
INFO: [Vivado 12-5682] Launching behavioral simulation in 'F:/qbit/qubit_1.0/RISCQv1.1/project_1/project_1.sim/sim_1/behav/xsim'
INFO: [Vivado 12-4795] Using compiled simulation libraries for IPs
INFO: [SIM-utils-51] Simulation object is 'sim_1'
INFO: [USF-XSim-7] Finding pre-compiled libraries...
INFO: [USF-XSim-11] File 'C:/Xilinx/Vivado/2019.2/data/xsim/xsim.ini' copied to run dir:'F:/qbit/qubit_1.0/RISCQv1.1/project_1/project_1.sim/sim_1/behav/xsim'
INFO: [SIM-utils-54] Inspecting design source files for 'riscq_soc_tb' in fileset 'sim_1'...
INFO: [USF-XSim-97] Finding global include files...
INFO: [USF-XSim-98] Fetching design files from 'sim_1'...
INFO: [USF-XSim-2] XSim::Compile design
INFO: [USF-XSim-61] Executing 'COMPILE and ANALYZE' step in 'F:/qbit/qubit_1.0/RISCQv1.1/project_1/project_1.sim/sim_1/behav/xsim'
"xvlog --incr --relax -prj riscq_soc_tb_vlog.prj"
INFO: [VRFC 10-2263] Analyzing Verilog file "F:/qbit/qubit_1.0/RISCQv1.1/ip_repos/riscq_ram/sim/riscq_ram.v" into library xil_defaultlib
INFO: [VRFC 10-311] analyzing module riscq_ram
INFO: [VRFC 10-2263] Analyzing Verilog file "F:/qbit/qubit_1.0/RISCQv1.1/ip_repos/riscq_rom/sim/riscq_rom.v" into library xil_defaultlib
INFO: [VRFC 10-311] analyzing module riscq_rom
INFO: [VRFC 10-2263] Analyzing Verilog file "F:/qbit/qubit_1.0/RISCQv1.1/src/hdl/data_ram.v" into library xil_defaultlib
INFO: [VRFC 10-311] analyzing module data_ram
INFO: [VRFC 10-2263] Analyzing Verilog file "F:/qbit/qubit_1.0/RISCQv1.1/src/hdl/inst_rom.v" into library xil_defaultlib
INFO: [VRFC 10-311] analyzing module inst_rom
INFO: [VRFC 10-2263] Analyzing Verilog file "F:/qbit/qubit_1.0/RISCQv1.1/src/hdl/riscq.v" into library xil_defaultlib
INFO: [VRFC 10-311] analyzing module riscq
INFO: [VRFC 10-2263] Analyzing Verilog file "F:/qbit/qubit_1.0/RISCQv1.1/src/hdl/riscq_soc.v" into library xil_defaultlib
INFO: [VRFC 10-311] analyzing module riscq_soc
INFO: [VRFC 10-2263] Analyzing Verilog file "F:/qbit/qubit_1.0/RISCQv1.1/src/hdl/user_regs.v" into library xil_defaultlib
INFO: [VRFC 10-311] analyzing module user_regs
INFO: [VRFC 10-2263] Analyzing Verilog file "F:/qbit/qubit_1.0/RISCQv1.1/src/sim/riscq_soc_tb.v" into library xil_defaultlib
INFO: [VRFC 10-311] analyzing module riscq_soc_tb
INFO: [USF-XSim-69] 'compile' step finished in '1' seconds
Command: launch_simulation -simset sim_1 -mode behavioral
INFO: [Vivado 12-5698] Checking validity of IPs in the design for the 'XSim' simulator...
INFO: [Vivado 12-5682] Launching behavioral simulation in 'F:/qbit/qubit_1.0/RISCQv1.1/project_1/project_1.sim/sim_1/behav/xsim'
INFO: [Vivado 12-4795] Using compiled simulation libraries for IPs
INFO: [USF-XSim-3] XSim::Elaborate design
INFO: [USF-XSim-61] Executing 'ELABORATE' step in 'F:/qbit/qubit_1.0/RISCQv1.1/project_1/project_1.sim/sim_1/behav/xsim'
"xelab -wto b2a814ebb4794e98af5c74d585965e10 --incr --debug typical --relax --mt 2 -L blk_mem_gen_v8_4_4 -L xil_defaultlib -L unisims_ver -L unimacro_ver -L secureip -L xpm --snapshot riscq_soc_tb_behav xil_defaultlib.riscq_soc_tb xil_defaultlib.glbl -log elaborate.log"
Vivado Simulator 2019.2
Copyright 1986-1999, 2001-2019 Xilinx, Inc. All Rights Reserved.
Running: C:/Xilinx/Vivado/2019.2/bin/unwrapped/win64.o/xelab.exe -wto b2a814ebb4794e98af5c74d585965e10 --incr --debug typical --relax --mt 2 -L blk_mem_gen_v8_4_4 -L xil_defaultlib -L unisims_ver -L unimacro_ver -L secureip -L xpm --snapshot riscq_soc_tb_behav xil_defaultlib.riscq_soc_tb xil_defaultlib.glbl -log elaborate.log 
Using 2 slave threads.
Starting static elaboration
Pass Through NonSizing Optimizer
WARNING: [VRFC 10-3091] actual bit length 8 differs from formal bit length 6 for port 'i_waddr_cpu' [F:/qbit/qubit_1.0/RISCQv1.1/src/sim/riscq_soc_tb.v:138]
Completed static elaboration
Starting simulation data flow analysis
Completed simulation data flow analysis
Time Resolution for simulation is 1ps
Compiling module xil_defaultlib.riscq
Compiling module blk_mem_gen_v8_4_4.blk_mem_gen_v8_4_4_output_stage(...
Compiling module blk_mem_gen_v8_4_4.blk_mem_gen_v8_4_4_softecc_outpu...
Compiling module blk_mem_gen_v8_4_4.blk_mem_gen_v8_4_4_mem_module(C_...
Compiling module blk_mem_gen_v8_4_4.blk_mem_gen_v8_4_4(C_FAMILY="kin...
Compiling module xil_defaultlib.riscq_rom
Compiling module xil_defaultlib.inst_rom
Compiling module blk_mem_gen_v8_4_4.blk_mem_gen_v8_4_4_mem_module(C_...
Compiling module blk_mem_gen_v8_4_4.blk_mem_gen_v8_4_4(C_FAMILY="kin...
Compiling module xil_defaultlib.riscq_ram
Compiling module xil_defaultlib.data_ram
Compiling module xil_defaultlib.riscq_soc
Compiling module xil_defaultlib.user_regs
Compiling module xil_defaultlib.riscq_soc_tb
Compiling module xil_defaultlib.glbl
Built simulation snapshot riscq_soc_tb_behav
INFO: [USF-XSim-69] 'elaborate' step finished in '2' seconds
Vivado Simulator 2019.2
Time resolution is 1 ps
Block Memory Generator module riscq_soc_tb.u_riscq_soc.u_inst_rom.u_riscq_rom.inst.native_mem_module.blk_mem_gen_v8_4_4_inst is using a behavioral model for simulation which will not precisely model memory collision behavior.
Block Memory Generator module riscq_soc_tb.u_riscq_soc.u_data_ram.u_riscq_ram.inst.native_mem_module.blk_mem_gen_v8_4_4_inst is using a behavioral model for simulation which will not precisely model memory collision behavior.
blk_mem_gen_v8_4_4 collision detected at time: 125000, Instance: riscq_soc_tb.u_riscq_soc.u_inst_rom.u_riscq_rom.inst.native_mem_module.blk_mem_gen_v8_4_4_inst, A write address: 0, B  read address: 0
relaunch_sim: Time (s): cpu = 00:00:02 ; elapsed = 00:00:07 . Memory (MB): peak = 1116.223 ; gain = 0.000
run 50 us
close_sim
INFO: [Simtcl 6-16] Simulation closed
exit
INFO: [Common 17-206] Exiting Vivado at Tue Nov 19 10:54:38 2024...
